Limiter Indicator
Total Unmasked Dropouts: 0
Total Masked Dropouts: 0
Callback Dropout Indicator
Total Unmasked Dropouts: 0
Total Masked Dropouts: 0
USB Dropout Indicator
Total Unmasked Dropouts: 0
Total Masked Dropouts: 0
MIDI Dropout Indicator
Total Unmasked Dropouts: 0
Total Masked Dropouts: 0
Limiter Indicator
Total Unmasked Dropouts: 0
Total Masked Dropouts: 0
Callback Dropout Indicator
Total Unmasked Dropouts: 0
Total Masked Dropouts: 0
USB Dropout Indicator
Total Unmasked Dropouts: 0
Total Masked Dropouts: 0
MIDI Dropout Indicator
Total Unmasked Dropouts: 0
Total Masked Dropouts: 0
Limiter Indicator
Total Unmasked Dropouts: 0
Total Masked Dropouts: 0
Callback Dropout Indicator
Total Unmasked Dropouts: 0
Total Masked Dropouts: 0
USB Dropout Indicator
Total Unmasked Dropouts: 0
Total Masked Dropouts: 0
MIDI Dropout Indicator
Total Unmasked Dropouts: 0
Total Masked Dropouts: 0
Limiter Indicator
Total Unmasked Dropouts: 0
Total Masked Dropouts: 0
Callback Dropout Indicator
Total Unmasked Dropouts: 0
Total Masked Dropouts: 0
USB Dropout Indicator
Total Unmasked Dropouts: 0
Total Masked Dropouts: 0
MIDI Dropout Indicator
Total Unmasked Dropouts: 0
Total Masked Dropouts: 0
Limiter Indicator
Total Unmasked Dropouts: 3680
Total Masked Dropouts: 0
Callback Dropout Indicator
Total Unmasked Dropouts: 0
Total Masked Dropouts: 0
USB Dropout Indicator
Total Unmasked Dropouts: 0
Total Masked Dropouts: 0
MIDI Dropout Indicator
Total Unmasked Dropouts: 0
Total Masked Dropouts: 0
Limiter Indicator
Total Unmasked Dropouts: 175
Total Masked Dropouts: 0
Callback Dropout Indicator
Total Unmasked Dropouts: 0
Total Masked Dropouts: 0
USB Dropout Indicator
Total Unmasked Dropouts: 0
Total Masked Dropouts: 0
MIDI Dropout Indicator
Total Unmasked Dropouts: 0
Total Masked Dropouts: 0
Limiter Indicator
Total Unmasked Dropouts: 0
Total Masked Dropouts: 0
Callback Dropout Indicator
Total Unmasked Dropouts: 0
Total Masked Dropouts: 0
USB Dropout Indicator
Total Unmasked Dropouts: 0
Total Masked Dropouts: 0
MIDI Dropout Indicator
Total Unmasked Dropouts: 0
Total Masked Dropouts: 0
Limiter Indicator
Total Unmasked Dropouts: 0
Total Masked Dropouts: 0
Callback Dropout Indicator
Total Unmasked Dropouts: 0
Total Masked Dropouts: 0
USB Dropout Indicator
Total Unmasked Dropouts: 0
Total Masked Dropouts: 0
MIDI Dropout Indicator
Total Unmasked Dropouts: 0
Total Masked Dropouts: 0
Limiter Indicator
Total Unmasked Dropouts: 0
Total Masked Dropouts: 0
Callback Dropout Indicator
Total Unmasked Dropouts: 0
Total Masked Dropouts: 0
USB Dropout Indicator
Total Unmasked Dropouts: 0
Total Masked Dropouts: 0
MIDI Dropout Indicator
Total Unmasked Dropouts: 0
Total Masked Dropouts: 0
Limiter Indicator
Total Unmasked Dropouts: 188
Total Masked Dropouts: 0
Callback Dropout Indicator
Total Unmasked Dropouts: 0
Total Masked Dropouts: 0
USB Dropout Indicator
Total Unmasked Dropouts: 0
Total Masked Dropouts: 0
MIDI Dropout Indicator
Total Unmasked Dropouts: 0
Total Masked Dropouts: 0
Limiter Indicator
Total Unmasked Dropouts: 0
Total Masked Dropouts: 0
Callback Dropout Indicator
Total Unmasked Dropouts: 0
Total Masked Dropouts: 0
USB Dropout Indicator
Total Unmasked Dropouts: 0
Total Masked Dropouts: 0
MIDI Dropout Indicator
Total Unmasked Dropouts: 0
Total Masked Dropouts: 0
Limiter Indicator
Total Unmasked Dropouts: 0
Total Masked Dropouts: 0
Callback Dropout Indicator
Total Unmasked Dropouts: 0
Total Masked Dropouts: 0
USB Dropout Indicator
Total Unmasked Dropouts: 0
Total Masked Dropouts: 0
MIDI Dropout Indicator
Total Unmasked Dropouts: 0
Total Masked Dropouts: 0
Limiter Indicator
Total Unmasked Dropouts: 0
Total Masked Dropouts: 0
Callback Dropout Indicator
Total Unmasked Dropouts: 0
Total Masked Dropouts: 0
USB Dropout Indicator
Total Unmasked Dropouts: 0
Total Masked Dropouts: 0
MIDI Dropout Indicator
Total Unmasked Dropouts: 0
Total Masked Dropouts: 0
Limiter Indicator
Total Unmasked Dropouts: 0
Total Masked Dropouts: 0
Callback Dropout Indicator
Total Unmasked Dropouts: 0
Total Masked Dropouts: 0
USB Dropout Indicator
Total Unmasked Dropouts: 0
Total Masked Dropouts: 0
MIDI Dropout Indicator
Total Unmasked Dropouts: 0
Total Masked Dropouts: 0
Limiter Indicator
Total Unmasked Dropouts: 0
Total Masked Dropouts: 0
Callback Dropout Indicator
Total Unmasked Dropouts: 0
Total Masked Dropouts: 0
USB Dropout Indicator
Total Unmasked Dropouts: 0
Total Masked Dropouts: 0
MIDI Dropout Indicator
Total Unmasked Dropouts: 0
Total Masked Dropouts: 0
Limiter Indicator
Total Unmasked Dropouts: 0
Total Masked Dropouts: 0
Callback Dropout Indicator
Total Unmasked Dropouts: 0
Total Masked Dropouts: 0
USB Dropout Indicator
Total Unmasked Dropouts: 0
Total Masked Dropouts: 0
MIDI Dropout Indicator
Total Unmasked Dropouts: 0
Total Masked Dropouts: 0
Limiter Indicator
Total Unmasked Dropouts: 3515
Total Masked Dropouts: 0
Callback Dropout Indicator
Total Unmasked Dropouts: 0
Total Masked Dropouts: 0
USB Dropout Indicator
Total Unmasked Dropouts: 0
Total Masked Dropouts: 0
MIDI Dropout Indicator
Total Unmasked Dropouts: 0
Total Masked Dropouts: 0
Limiter Indicator
Total Unmasked Dropouts: 2805
Total Masked Dropouts: 0
Callback Dropout Indicator
Total Unmasked Dropouts: 0
Total Masked Dropouts: 0
USB Dropout Indicator
Total Unmasked Dropouts: 0
Total Masked Dropouts: 0
MIDI Dropout Indicator
Total Unmasked Dropouts: 0
Total Masked Dropouts: 0
Limiter Indicator
Total Unmasked Dropouts: 0
Total Masked Dropouts: 0
Callback Dropout Indicator
Total Unmasked Dropouts: 0
Total Masked Dropouts: 0
USB Dropout Indicator
Total Unmasked Dropouts: 0
Total Masked Dropouts: 0
MIDI Dropout Indicator
Total Unmasked Dropouts: 0
Total Masked Dropouts: 0
Limiter Indicator
Total Unmasked Dropouts: 0
Total Masked Dropouts: 0
Callback Dropout Indicator
Total Unmasked Dropouts: 0
Total Masked Dropouts: 0
USB Dropout Indicator
Total Unmasked Dropouts: 0
Total Masked Dropouts: 0
MIDI Dropout Indicator
Total Unmasked Dropouts: 0
Total Masked Dropouts: 0
Limiter Indicator
Total Unmasked Dropouts: 0
Total Masked Dropouts: 0
Callback Dropout Indicator
Total Unmasked Dropouts: 0
Total Masked Dropouts: 0
USB Dropout Indicator
Total Unmasked Dropouts: 0
Total Masked Dropouts: 0
MIDI Dropout Indicator
Total Unmasked Dropouts: 0
Total Masked Dropouts: 0
Limiter Indicator
Total Unmasked Dropouts: 0
Total Masked Dropouts: 0
Callback Dropout Indicator
Total Unmasked Dropouts: 0
Total Masked Dropouts: 0
USB Dropout Indicator
Total Unmasked Dropouts: 0
Total Masked Dropouts: 0
MIDI Dropout Indicator
Total Unmasked Dropouts: 0
Total Masked Dropouts: 0
Limiter Indicator
Total Unmasked Dropouts: 83
Total Masked Dropouts: 0
Callback Dropout Indicator
Total Unmasked Dropouts: 0
Total Masked Dropouts: 0
USB Dropout Indicator
Total Unmasked Dropouts: 0
Total Masked Dropouts: 0
MIDI Dropout Indicator
Total Unmasked Dropouts: 0
Total Masked Dropouts: 0
Limiter Indicator
Total Unmasked Dropouts: 15950
Total Masked Dropouts: 0
Callback Dropout Indicator
Total Unmasked Dropouts: 0
Total Masked Dropouts: 0
USB Dropout Indicator
Total Unmasked Dropouts: 0
Total Masked Dropouts: 0
MIDI Dropout Indicator
Total Unmasked Dropouts: 0
Total Masked Dropouts: 0
Limiter Indicator
Total Unmasked Dropouts: 357
Total Masked Dropouts: 0
Callback Dropout Indicator
Total Unmasked Dropouts: 0
Total Masked Dropouts: 0
USB Dropout Indicator
Total Unmasked Dropouts: 0
Total Masked Dropouts: 0
MIDI Dropout Indicator
Total Unmasked Dropouts: 0
Total Masked Dropouts: 0
Limiter Indicator
Total Unmasked Dropouts: 0
Total Masked Dropouts: 0
Callback Dropout Indicator
Total Unmasked Dropouts: 0
Total Masked Dropouts: 0
USB Dropout Indicator
Total Unmasked Dropouts: 0
Total Masked Dropouts: 0
MIDI Dropout Indicator
Total Unmasked Dropouts: 0
Total Masked Dropouts: 0
Limiter Indicator
Total Unmasked Dropouts: 3
Total Masked Dropouts: 0
Callback Dropout Indicator
Total Unmasked Dropouts: 0
Total Masked Dropouts: 0
USB Dropout Indicator
Total Unmasked Dropouts: 0
Total Masked Dropouts: 0
MIDI Dropout Indicator
Total Unmasked Dropouts: 0
Total Masked Dropouts: 0
Limiter Indicator
Total Unmasked Dropouts: 0
Total Masked Dropouts: 0
Callback Dropout Indicator
Total Unmasked Dropouts: 0
Total Masked Dropouts: 0
USB Dropout Indicator
Total Unmasked Dropouts: 0
Total Masked Dropouts: 0
MIDI Dropout Indicator
Total Unmasked Dropouts: 0
Total Masked Dropouts: 0
Limiter Indicator
Total Unmasked Dropouts: 0
Total Masked Dropouts: 0
Callback Dropout Indicator
Total Unmasked Dropouts: 0
Total Masked Dropouts: 0
USB Dropout Indicator
Total Unmasked Dropouts: 0
Total Masked Dropouts: 0
MIDI Dropout Indicator
Total Unmasked Dropouts: 0
Total Masked Dropouts: 0
Limiter Indicator
Total Unmasked Dropouts: 0
Total Masked Dropouts: 0
Callback Dropout Indicator
Total Unmasked Dropouts: 0
Total Masked Dropouts: 0
USB Dropout Indicator
Total Unmasked Dropouts: 0
Total Masked Dropouts: 0
MIDI Dropout Indicator
Total Unmasked Dropouts: 0
Total Masked Dropouts: 0
Limiter Indicator
Total Unmasked Dropouts: 0
Total Masked Dropouts: 0
Callback Dropout Indicator
Total Unmasked Dropouts: 0
Total Masked Dropouts: 0
USB Dropout Indicator
Total Unmasked Dropouts: 0
Total Masked Dropouts: 0
MIDI Dropout Indicator
Total Unmasked Dropouts: 0
Total Masked Dropouts: 0
Limiter Indicator
Total Unmasked Dropouts: 0
Total Masked Dropouts: 0
Callback Dropout Indicator
Total Unmasked Dropouts: 0
Total Masked Dropouts: 0
USB Dropout Indicator
Total Unmasked Dropouts: 0
Total Masked Dropouts: 0
MIDI Dropout Indicator
Total Unmasked Dropouts: 0
Total Masked Dropouts: 0
Limiter Indicator
Total Unmasked Dropouts: 0
Total Masked Dropouts: 0
Callback Dropout Indicator
Total Unmasked Dropouts: 0
Total Masked Dropouts: 0
USB Dropout Indicator
Total Unmasked Dropouts: 0
Total Masked Dropouts: 0
MIDI Dropout Indicator
Total Unmasked Dropouts: 0
Total Masked Dropouts: 0
Limiter Indicator
Total Unmasked Dropouts: 25
Total Masked Dropouts: 0
Callback Dropout Indicator
Total Unmasked Dropouts: 0
Total Masked Dropouts: 0
USB Dropout Indicator
Total Unmasked Dropouts: 0
Total Masked Dropouts: 0
MIDI Dropout Indicator
Total Unmasked Dropouts: 0
Total Masked Dropouts: 0
Limiter Indicator
Total Unmasked Dropouts: 0
Total Masked Dropouts: 0
Callback Dropout Indicator
Total Unmasked Dropouts: 0
Total Masked Dropouts: 0
USB Dropout Indicator
Total Unmasked Dropouts: 0
Total Masked Dropouts: 0
MIDI Dropout Indicator
Total Unmasked Dropouts: 0
Total Masked Dropouts: 0
Limiter Indicator
Total Unmasked Dropouts: 0
Total Masked Dropouts: 0
Callback Dropout Indicator
Total Unmasked Dropouts: 0
Total Masked Dropouts: 0
USB Dropout Indicator
Total Unmasked Dropouts: 0
Total Masked Dropouts: 0
MIDI Dropout Indicator
Total Unmasked Dropouts: 0
Total Masked Dropouts: 0
Limiter Indicator
Total Unmasked Dropouts: 17
Total Masked Dropouts: 0
Callback Dropout Indicator
Total Unmasked Dropouts: 0
Total Masked Dropouts: 0
USB Dropout Indicator
Total Unmasked Dropouts: 0
Total Masked Dropouts: 0
MIDI Dropout Indicator
Total Unmasked Dropouts: 0
Total Masked Dropouts: 0
Limiter Indicator
Total Unmasked Dropouts: 12
Total Masked Dropouts: 0
Callback Dropout Indicator
Total Unmasked Dropouts: 0
Total Masked Dropouts: 0
USB Dropout Indicator
Total Unmasked Dropouts: 0
Total Masked Dropouts: 0
MIDI Dropout Indicator
Total Unmasked Dropouts: 0
Total Masked Dropouts: 0
Limiter Indicator
Total Unmasked Dropouts: 38
Total Masked Dropouts: 0
Callback Dropout Indicator
Total Unmasked Dropouts: 0
Total Masked Dropouts: 0
USB Dropout Indicator
Total Unmasked Dropouts: 0
Total Masked Dropouts: 0
MIDI Dropout Indicator
Total Unmasked Dropouts: 0
Total Masked Dropouts: 0
Limiter Indicator
Total Unmasked Dropouts: 0
Total Masked Dropouts: 0
Callback Dropout Indicator
Total Unmasked Dropouts: 0
Total Masked Dropouts: 0
USB Dropout Indicator
Total Unmasked Dropouts: 0
Total Masked Dropouts: 0
MIDI Dropout Indicator
Total Unmasked Dropouts: 0
Total Masked Dropouts: 0
Limiter Indicator
Total Unmasked Dropouts: 14479
Total Masked Dropouts: 0
Callback Dropout Indicator
Total Unmasked Dropouts: 0
Total Masked Dropouts: 0
USB Dropout Indicator
Total Unmasked Dropouts: 0
Total Masked Dropouts: 0
MIDI Dropout Indicator
Total Unmasked Dropouts: 0
Total Masked Dropouts: 0
Limiter Indicator
Total Unmasked Dropouts: 0
Total Masked Dropouts: 0
Callback Dropout Indicator
Total Unmasked Dropouts: 0
Total Masked Dropouts: 0
USB Dropout Indicator
Total Unmasked Dropouts: 0
Total Masked Dropouts: 0
MIDI Dropout Indicator
Total Unmasked Dropouts: 0
Total Masked Dropouts: 0
Limiter Indicator
Total Unmasked Dropouts: 1004
Total Masked Dropouts: 0
Callback Dropout Indicator
Total Unmasked Dropouts: 0
Total Masked Dropouts: 0
USB Dropout Indicator
Total Unmasked Dropouts: 0
Total Masked Dropouts: 0
MIDI Dropout Indicator
Total Unmasked Dropouts: 0
Total Masked Dropouts: 0
Limiter Indicator
Total Unmasked Dropouts: 0
Total Masked Dropouts: 0
Callback Dropout Indicator
Total Unmasked Dropouts: 0
Total Masked Dropouts: 0
USB Dropout Indicator
Total Unmasked Dropouts: 0
Total Masked Dropouts: 0
MIDI Dropout Indicator
Total Unmasked Dropouts: 0
Total Masked Dropouts: 0
Limiter Indicator
Total Unmasked Dropouts: 0
Total Masked Dropouts: 0
Callback Dropout Indicator
Total Unmasked Dropouts: 0
Total Masked Dropouts: 0
USB Dropout Indicator
Total Unmasked Dropouts: 0
Total Masked Dropouts: 0
MIDI Dropout Indicator
Total Unmasked Dropouts: 0
Total Masked Dropouts: 0
Limiter Indicator
Total Unmasked Dropouts: 2
Total Masked Dropouts: 0
Callback Dropout Indicator
Total Unmasked Dropouts: 0
Total Masked Dropouts: 0
USB Dropout Indicator
Total Unmasked Dropouts: 0
Total Masked Dropouts: 0
MIDI Dropout Indicator
Total Unmasked Dropouts: 0
Total Masked Dropouts: 0
Limiter Indicator
Total Unmasked Dropouts: 0
Total Masked Dropouts: 0
Callback Dropout Indicator
Total Unmasked Dropouts: 0
Total Masked Dropouts: 0
USB Dropout Indicator
Total Unmasked Dropouts: 0
Total Masked Dropouts: 0
MIDI Dropout Indicator
Total Unmasked Dropouts: 0
Total Masked Dropouts: 0
Limiter Indicator
Total Unmasked Dropouts: 0
Total Masked Dropouts: 0
Callback Dropout Indicator
Total Unmasked Dropouts: 0
Total Masked Dropouts: 0
USB Dropout Indicator
Total Unmasked Dropouts: 0
Total Masked Dropouts: 0
MIDI Dropout Indicator
Total Unmasked Dropouts: 0
Total Masked Dropouts: 0
Limiter Indicator
Total Unmasked Dropouts: 81116
Total Masked Dropouts: 0
Callback Dropout Indicator
Total Unmasked Dropouts: 0
Total Masked Dropouts: 0
USB Dropout Indicator
Total Unmasked Dropouts: 0
Total Masked Dropouts: 0
MIDI Dropout Indicator
Total Unmasked Dropouts: 0
Total Masked Dropouts: 0
Limiter Indicator
Total Unmasked Dropouts: 0
Total Masked Dropouts: 0
Callback Dropout Indicator
Total Unmasked Dropouts: 0
Total Masked Dropouts: 0
USB Dropout Indicator
Total Unmasked Dropouts: 0
Total Masked Dropouts: 0
MIDI Dropout Indicator
Total Unmasked Dropouts: 0
Total Masked Dropouts: 0
Limiter Indicator
Total Unmasked Dropouts: 0
Total Masked Dropouts: 0
Callback Dropout Indicator
Total Unmasked Dropouts: 0
Total Masked Dropouts: 0
USB Dropout Indicator
Total Unmasked Dropouts: 0
Total Masked Dropouts: 0
MIDI Dropout Indicator
Total Unmasked Dropouts: 0
Total Masked Dropouts: 0
Limiter Indicator
Total Unmasked Dropouts: 0
Total Masked Dropouts: 0
Callback Dropout Indicator
Total Unmasked Dropouts: 0
Total Masked Dropouts: 0
USB Dropout Indicator
Total Unmasked Dropouts: 0
Total Masked Dropouts: 0
MIDI Dropout Indicator
Total Unmasked Dropouts: 0
Total Masked Dropouts: 0
Limiter Indicator
Total Unmasked Dropouts: 4425
Total Masked Dropouts: 0
Callback Dropout Indicator
Total Unmasked Dropouts: 0
Total Masked Dropouts: 0
USB Dropout Indicator
Total Unmasked Dropouts: 0
Total Masked Dropouts: 0
MIDI Dropout Indicator
Total Unmasked Dropouts: 0
Total Masked Dropouts: 0
Limiter Indicator
Total Unmasked Dropouts: 138855
Total Masked Dropouts: 0
Callback Dropout Indicator
Total Unmasked Dropouts: 0
Total Masked Dropouts: 0
USB Dropout Indicator
Total Unmasked Dropouts: 0
Total Masked Dropouts: 0
MIDI Dropout Indicator
Total Unmasked Dropouts: 0
Total Masked Dropouts: 0
Limiter Indicator
Total Unmasked Dropouts: 0
Total Masked Dropouts: 0
Callback Dropout Indicator
Total Unmasked Dropouts: 0
Total Masked Dropouts: 0
USB Dropout Indicator
Total Unmasked Dropouts: 0
Total Masked Dropouts: 0
MIDI Dropout Indicator
Total Unmasked Dropouts: 0
Total Masked Dropouts: 0
Limiter Indicator
Total Unmasked Dropouts: 0
Total Masked Dropouts: 0
Callback Dropout Indicator
Total Unmasked Dropouts: 0
Total Masked Dropouts: 0
USB Dropout Indicator
Total Unmasked Dropouts: 0
Total Masked Dropouts: 0
MIDI Dropout Indicator
Total Unmasked Dropouts: 0
Total Masked Dropouts: 0
Limiter Indicator
Total Unmasked Dropouts: 168
Total Masked Dropouts: 0
Callback Dropout Indicator
Total Unmasked Dropouts: 0
Total Masked Dropouts: 0
USB Dropout Indicator
Total Unmasked Dropouts: 0
Total Masked Dropouts: 0
MIDI Dropout Indicator
Total Unmasked Dropouts: 0
Total Masked Dropouts: 0
Limiter Indicator
Total Unmasked Dropouts: 11099
Total Masked Dropouts: 0
Callback Dropout Indicator
Total Unmasked Dropouts: 0
Total Masked Dropouts: 0
USB Dropout Indicator
Total Unmasked Dropouts: 0
Total Masked Dropouts: 0
MIDI Dropout Indicator
Total Unmasked Dropouts: 0
Total Masked Dropouts: 0
Limiter Indicator
Total Unmasked Dropouts: 443
Total Masked Dropouts: 0
Callback Dropout Indicator
Total Unmasked Dropouts: 0
Total Masked Dropouts: 0
USB Dropout Indicator
Total Unmasked Dropouts: 0
Total Masked Dropouts: 0
MIDI Dropout Indicator
Total Unmasked Dropouts: 0
Total Masked Dropouts: 0
Limiter Indicator
Total Unmasked Dropouts: 0
Total Masked Dropouts: 0
Callback Dropout Indicator
Total Unmasked Dropouts: 0
Total Masked Dropouts: 0
USB Dropout Indicator
Total Unmasked Dropouts: 0
Total Masked Dropouts: 0
MIDI Dropout Indicator
Total Unmasked Dropouts: 0
Total Masked Dropouts: 0
Limiter Indicator
Total Unmasked Dropouts: 0
Total Masked Dropouts: 0
Callback Dropout Indicator
Total Unmasked Dropouts: 0
Total Masked Dropouts: 0
USB Dropout Indicator
Total Unmasked Dropouts: 0
Total Masked Dropouts: 0
MIDI Dropout Indicator
Total Unmasked Dropouts: 0
Total Masked Dropouts: 0
Limiter Indicator
Total Unmasked Dropouts: 285915
Total Masked Dropouts: 0
Callback Dropout Indicator
Total Unmasked Dropouts: 0
Total Masked Dropouts: 0
USB Dropout Indicator
Total Unmasked Dropouts: 0
Total Masked Dropouts: 0
MIDI Dropout Indicator
Total Unmasked Dropouts: 0
Total Masked Dropouts: 0
Limiter Indicator
Total Unmasked Dropouts: 0
Total Masked Dropouts: 0
Callback Dropout Indicator
Total Unmasked Dropouts: 0
Total Masked Dropouts: 0
USB Dropout Indicator
Total Unmasked Dropouts: 0
Total Masked Dropouts: 0
MIDI Dropout Indicator
Total Unmasked Dropouts: 0
Total Masked Dropouts: 0
Limiter Indicator
Total Unmasked Dropouts: 1515
Total Masked Dropouts: 0
Callback Dropout Indicator
Total Unmasked Dropouts: 0
Total Masked Dropouts: 0
USB Dropout Indicator
Total Unmasked Dropouts: 0
Total Masked Dropouts: 0
MIDI Dropout Indicator
Total Unmasked Dropouts: 0
Total Masked Dropouts: 0
Limiter Indicator
Total Unmasked Dropouts: 97470
Total Masked Dropouts: 0
Callback Dropout Indicator
Total Unmasked Dropouts: 0
Total Masked Dropouts: 0
USB Dropout Indicator
Total Unmasked Dropouts: 0
Total Masked Dropouts: 0
MIDI Dropout Indicator
Total Unmasked Dropouts: 0
Total Masked Dropouts: 0
Limiter Indicator
Total Unmasked Dropouts: 0
Total Masked Dropouts: 0
Callback Dropout Indicator
Total Unmasked Dropouts: 0
Total Masked Dropouts: 0
USB Dropout Indicator
Total Unmasked Dropouts: 0
Total Masked Dropouts: 0
MIDI Dropout Indicator
Total Unmasked Dropouts: 0
Total Masked Dropouts: 0
Limiter Indicator
Total Unmasked Dropouts: 0
Total Masked Dropouts: 0
Callback Dropout Indicator
Total Unmasked Dropouts: 0
Total Masked Dropouts: 0
USB Dropout Indicator
Total Unmasked Dropouts: 0
Total Masked Dropouts: 0
MIDI Dropout Indicator
Total Unmasked Dropouts: 0
Total Masked Dropouts: 0
Limiter Indicator
Total Unmasked Dropouts: 48174
Total Masked Dropouts: 0
Callback Dropout Indicator
Total Unmasked Dropouts: 0
Total Masked Dropouts: 0
USB Dropout Indicator
Total Unmasked Dropouts: 0
Total Masked Dropouts: 0
MIDI Dropout Indicator
Total Unmasked Dropouts: 0
Total Masked Dropouts: 0
Limiter Indicator
Total Unmasked Dropouts: 4762
Total Masked Dropouts: 0
Callback Dropout Indicator
Total Unmasked Dropouts: 0
Total Masked Dropouts: 0
USB Dropout Indicator
Total Unmasked Dropouts: 0
Total Masked Dropouts: 0
MIDI Dropout Indicator
Total Unmasked Dropouts: 0
Total Masked Dropouts: 0
Limiter Indicator
Total Unmasked Dropouts: 0
Total Masked Dropouts: 0
Callback Dropout Indicator
Total Unmasked Dropouts: 0
Total Masked Dropouts: 0
USB Dropout Indicator
Total Unmasked Dropouts: 0
Total Masked Dropouts: 0
MIDI Dropout Indicator
Total Unmasked Dropouts: 0
Total Masked Dropouts: 0
Limiter Indicator
Total Unmasked Dropouts: 0
Total Masked Dropouts: 0
Callback Dropout Indicator
Total Unmasked Dropouts: 0
Total Masked Dropouts: 0
USB Dropout Indicator
Total Unmasked Dropouts: 0
Total Masked Dropouts: 0
MIDI Dropout Indicator
Total Unmasked Dropouts: 0
Total Masked Dropouts: 0
Limiter Indicator
Total Unmasked Dropouts: 155176
Total Masked Dropouts: 0
Callback Dropout Indicator
Total Unmasked Dropouts: 0
Total Masked Dropouts: 0
USB Dropout Indicator
Total Unmasked Dropouts: 0
Total Masked Dropouts: 0
MIDI Dropout Indicator
Total Unmasked Dropouts: 0
Total Masked Dropouts: 0
Limiter Indicator
Total Unmasked Dropouts: 7969
Total Masked Dropouts: 0
Callback Dropout Indicator
Total Unmasked Dropouts: 0
Total Masked Dropouts: 0
USB Dropout Indicator
Total Unmasked Dropouts: 0
Total Masked Dropouts: 0
MIDI Dropout Indicator
Total Unmasked Dropouts: 0
Total Masked Dropouts: 0
Limiter Indicator
Total Unmasked Dropouts: 0
Total Masked Dropouts: 0
Callback Dropout Indicator
Total Unmasked Dropouts: 0
Total Masked Dropouts: 0
USB Dropout Indicator
Total Unmasked Dropouts: 0
Total Masked Dropouts: 0
MIDI Dropout Indicator
Total Unmasked Dropouts: 0
Total Masked Dropouts: 0
Limiter Indicator
Total Unmasked Dropouts: 0
Total Masked Dropouts: 0
Callback Dropout Indicator
Total Unmasked Dropouts: 0
Total Masked Dropouts: 0
USB Dropout Indicator
Total Unmasked Dropouts: 0
Total Masked Dropouts: 0
MIDI Dropout Indicator
Total Unmasked Dropouts: 0
Total Masked Dropouts: 0
Limiter Indicator
Total Unmasked Dropouts: 0
Total Masked Dropouts: 0
Callback Dropout Indicator
Total Unmasked Dropouts: 0
Total Masked Dropouts: 0
USB Dropout Indicator
Total Unmasked Dropouts: 0
Total Masked Dropouts: 0
MIDI Dropout Indicator
Total Unmasked Dropouts: 0
Total Masked Dropouts: 0
Limiter Indicator
Total Unmasked Dropouts: 0
Total Masked Dropouts: 0
Callback Dropout Indicator
Total Unmasked Dropouts: 0
Total Masked Dropouts: 0
USB Dropout Indicator
Total Unmasked Dropouts: 0
Total Masked Dropouts: 0
MIDI Dropout Indicator
Total Unmasked Dropouts: 0
Total Masked Dropouts: 0
Limiter Indicator
Total Unmasked Dropouts: 36
Total Masked Dropouts: 0
Callback Dropout Indicator
Total Unmasked Dropouts: 0
Total Masked Dropouts: 0
USB Dropout Indicator
Total Unmasked Dropouts: 0
Total Masked Dropouts: 0
MIDI Dropout Indicator
Total Unmasked Dropouts: 0
Total Masked Dropouts: 0
Limiter Indicator
Total Unmasked Dropouts: 101359
Total Masked Dropouts: 0
Callback Dropout Indicator
Total Unmasked Dropouts: 0
Total Masked Dropouts: 0
USB Dropout Indicator
Total Unmasked Dropouts: 0
Total Masked Dropouts: 0
MIDI Dropout Indicator
Total Unmasked Dropouts: 0
Total Masked Dropouts: 0
Limiter Indicator
Total Unmasked Dropouts: 0
Total Masked Dropouts: 0
Callback Dropout Indicator
Total Unmasked Dropouts: 0
Total Masked Dropouts: 0
USB Dropout Indicator
Total Unmasked Dropouts: 0
Total Masked Dropouts: 0
MIDI Dropout Indicator
Total Unmasked Dropouts: 0
Total Masked Dropouts: 0
Limiter Indicator
Total Unmasked Dropouts: 14
Total Masked Dropouts: 0
Callback Dropout Indicator
Total Unmasked Dropouts: 0
Total Masked Dropouts: 0
USB Dropout Indicator
Total Unmasked Dropouts: 0
Total Masked Dropouts: 0
MIDI Dropout Indicator
Total Unmasked Dropouts: 0
Total Masked Dropouts: 0
Limiter Indicator
Total Unmasked Dropouts: 3768
Total Masked Dropouts: 0
Callback Dropout Indicator
Total Unmasked Dropouts: 0
Total Masked Dropouts: 0
USB Dropout Indicator
Total Unmasked Dropouts: 0
Total Masked Dropouts: 0
MIDI Dropout Indicator
Total Unmasked Dropouts: 0
Total Masked Dropouts: 0
Limiter Indicator
Total Unmasked Dropouts: 0
Total Masked Dropouts: 0
Callback Dropout Indicator
Total Unmasked Dropouts: 0
Total Masked Dropouts: 0
USB Dropout Indicator
Total Unmasked Dropouts: 0
Total Masked Dropouts: 0
MIDI Dropout Indicator
Total Unmasked Dropouts: 0
Total Masked Dropouts: 0
Limiter Indicator
Total Unmasked Dropouts: 0
Total Masked Dropouts: 0
Callback Dropout Indicator
Total Unmasked Dropouts: 0
Total Masked Dropouts: 0
USB Dropout Indicator
Total Unmasked Dropouts: 0
Total Masked Dropouts: 0
MIDI Dropout Indicator
Total Unmasked Dropouts: 0
Total Masked Dropouts: 0
Limiter Indicator
Total Unmasked Dropouts: 0
Total Masked Dropouts: 0
Callback Dropout Indicator
Total Unmasked Dropouts: 0
Total Masked Dropouts: 0
USB Dropout Indicator
Total Unmasked Dropouts: 0
Total Masked Dropouts: 0
MIDI Dropout Indicator
Total Unmasked Dropouts: 0
Total Masked Dropouts: 0
Limiter Indicator
Total Unmasked Dropouts: 5572
Total Masked Dropouts: 0
Callback Dropout Indicator
Total Unmasked Dropouts: 0
Total Masked Dropouts: 0
USB Dropout Indicator
Total Unmasked Dropouts: 0
Total Masked Dropouts: 0
MIDI Dropout Indicator
Total Unmasked Dropouts: 0
Total Masked Dropouts: 0
Limiter Indicator
Total Unmasked Dropouts: 9
Total Masked Dropouts: 0
Callback Dropout Indicator
Total Unmasked Dropouts: 0
Total Masked Dropouts: 0
USB Dropout Indicator
Total Unmasked Dropouts: 0
Total Masked Dropouts: 0
MIDI Dropout Indicator
Total Unmasked Dropouts: 0
Total Masked Dropouts: 0
Limiter Indicator
Total Unmasked Dropouts: 0
Total Masked Dropouts: 0
Callback Dropout Indicator
Total Unmasked Dropouts: 0
Total Masked Dropouts: 0
USB Dropout Indicator
Total Unmasked Dropouts: 0
Total Masked Dropouts: 0
MIDI Dropout Indicator
Total Unmasked Dropouts: 0
Total Masked Dropouts: 0
Limiter Indicator
Total Unmasked Dropouts: 4508
Total Masked Dropouts: 0
Callback Dropout Indicator
Total Unmasked Dropouts: 0
Total Masked Dropouts: 0
USB Dropout Indicator
Total Unmasked Dropouts: 0
Total Masked Dropouts: 0
MIDI Dropout Indicator
Total Unmasked Dropouts: 0
Total Masked Dropouts: 0
Limiter Indicator
Total Unmasked Dropouts: 0
Total Masked Dropouts: 0
Callback Dropout Indicator
Total Unmasked Dropouts: 0
Total Masked Dropouts: 0
USB Dropout Indicator
Total Unmasked Dropouts: 0
Total Masked Dropouts: 0
MIDI Dropout Indicator
Total Unmasked Dropouts: 0
Total Masked Dropouts: 0
Limiter Indicator
Total Unmasked Dropouts: 35494
Total Masked Dropouts: 0
Callback Dropout Indicator
Total Unmasked Dropouts: 0
Total Masked Dropouts: 0
USB Dropout Indicator
Total Unmasked Dropouts: 0
Total Masked Dropouts: 0
MIDI Dropout Indicator
Total Unmasked Dropouts: 0
Total Masked Dropouts: 0
Limiter Indicator
Total Unmasked Dropouts: 0
Total Masked Dropouts: 0
Callback Dropout Indicator
Total Unmasked Dropouts: 0
Total Masked Dropouts: 0
USB Dropout Indicator
Total Unmasked Dropouts: 0
Total Masked Dropouts: 0
MIDI Dropout Indicator
Total Unmasked Dropouts: 0
Total Masked Dropouts: 0
Limiter Indicator
Total Unmasked Dropouts: 0
Total Masked Dropouts: 0
Callback Dropout Indicator
Total Unmasked Dropouts: 0
Total Masked Dropouts: 0
USB Dropout Indicator
Total Unmasked Dropouts: 0
Total Masked Dropouts: 0
MIDI Dropout Indicator
Total Unmasked Dropouts: 0
Total Masked Dropouts: 0
